<?xml version="1.0" encoding="UTF-8"?>
<testsuite name="JUnitTutorial" tests="1" skipped="0" failures="0" errors="0" timestamp="2022-09-04T05:16:05" hostname="DESKTOP-R3NNGNQ" time="45.93">
  <properties/>
  <testcase name="handleIframe" classname="JUnitTutorial" time="45.93"/>
  <system-out><![CDATA[]]></system-out>
  <system-err><![CDATA[SLF4J: Failed to load class "org.slf4j.impl.StaticLoggerBinder".
SLF4J: Defaulting to no-operation (NOP) logger implementation
SLF4J: See http://www.slf4j.org/codes.html#StaticLoggerBinder for further details.
Starting ChromeDriver 104.0.5112.79 (3cf3e8c8a07d104b9e1260c910efb8f383285dc5-refs/branch-heads/5112@{#1307}) on port 59799
Only local connections are allowed.
Please see https://chromedriver.chromium.org/security-considerations for suggestions on keeping ChromeDriver safe.
ChromeDriver was started successfully.
[1662268569.979][WARNING]: This version of ChromeDriver has not been tested with Chrome version 105.
Sep 04, 2022 11:16:10 AM org.openqa.selenium.remote.ProtocolHandshake createSession
INFO: Detected upstream dialect: W3C
Sep 04, 2022 11:16:10 AM org.openqa.selenium.devtools.CdpVersionFinder findNearestMatch
WARNING: Unable to find an exact match for CDP version 105, so returning the closest version found: 104
Sep 04, 2022 11:16:10 AM org.openqa.selenium.devtools.CdpVersionFinder findNearestMatch
INFO: Found CDP implementation for version 105 of 104
]]></system-err>
</testsuite>
